<?xml version="1.0" encoding="UTF-8"?>
<!-- Generated by org.testng.reporters.JUnitXMLReporter -->
<testsuite hostname="DESKTOP-MMCCJ5V" ignored="0" name="Test" tests="4" failures="0" timestamp="2022-05-24T11:09:22 IST" time="185.17" errors="0">
  <testcase name="LoginValidation" time="48.987" classname="SRSproject.SRSproject.LoginTest"/>
  <testcase name="LoginFromPLP" time="48.774" classname="SRSproject.SRSproject.LoginTest"/>
  <testcase name="LoginFromPDP" time="53.666" classname="SRSproject.SRSproject.LoginTest"/>
  <testcase name="UnApprovedLoginValidation" time="33.712" classname="SRSproject.SRSproject.LoginTest"/>
</testsuite> <!-- Test -->
